<?xml version="1.0" encoding="UTF-8"?>
<!-- Generated by org.testng.reporters.JUnitReportReporter -->
<testsuite hostname="pridePc-PC" failures="0" tests="12" name="testngProg.Sample1" time="0.065" errors="0" timestamp="2024-08-31T10:46:00 IST" skipped="0">
  <testcase classname="testngProg.Sample1" name="createcontact" time="0.022"/>
  <system-out/>
  <testcase classname="testngProg.Sample1" name="createcontact" time="0.003"/>
  <system-out/>
  <testcase classname="testngProg.Sample1" name="createcontact" time="0.002"/>
  <system-out/>
  <testcase classname="testngProg.Sample1" name="createcontact" time="0.003"/>
  <system-out/>
  <testcase classname="testngProg.Sample1" name="createcontact" time="0.003"/>
  <system-out/>
  <testcase classname="testngProg.Sample1" name="createcontact" time="0.003"/>
  <system-out/>
  <testcase classname="testngProg.Sample1" name="detailcontact" time="0.003"/>
  <system-out/>
  <testcase classname="testngProg.Sample1" name="createcontact" time="0.004"/>
  <system-out/>
  <testcase classname="testngProg.Sample1" name="createcontact" time="0.003"/>
  <system-out/>
  <testcase classname="testngProg.Sample1" name="createcontact" time="0.004"/>
  <system-out/>
  <testcase classname="testngProg.Sample1" name="createcontact" time="0.003"/>
  <system-out/>
  <testcase classname="testngProg.Sample1" name="modifycontact" time="0.012"/>
  <system-out/>
</testsuite> <!-- testngProg.Sample1 -->
