<?xml version="1.0" encoding="UTF-8"?>
<!-- Generated by org.testng.reporters.JUnitReportReporter -->
<testsuite hostname="pridePc-PC" failures="0" tests="1" name="advanceSelinium.Keyboardstrokes" time="9.311" errors="0" timestamp="2024-08-31T10:51:10 IST" skipped="0">
  <testcase classname="advanceSelinium.Keyboardstrokes" name="keyboardstroketest" time="9.311"/>
  <system-out/>
</testsuite> <!-- advanceSelinium.Keyboardstrokes -->
