<?xml version="1.0" encoding="UTF-8"?>
<!-- Generated by org.testng.reporters.JUnitReportReporter -->
<testsuite hostname="pridePc-PC" failures="0" tests="1" name="advanceSelinium.AcrollingusingJavaExecutorTest" time="0.003" errors="0" timestamp="2024-08-31T11:32:18 IST" skipped="0">
  <testcase classname="advanceSelinium.AcrollingusingJavaExecutorTest" name="AcrollingusingJavaExecutor" time="0.003"/>
  <system-out/>
</testsuite> <!-- advanceSelinium.AcrollingusingJavaExecutorTest -->
