<?xml version="1.0" encoding="UTF-8"?>
<!-- Generated by org.testng.reporters.JUnitReportReporter -->
<testsuite hostname="pridePc-PC" failures="0" tests="1" name="advanceSelinium.AutosuggestionbigbasketTest" time="0.018" errors="0" timestamp="2024-08-31T11:32:18 IST" skipped="0">
  <testcase classname="advanceSelinium.AutosuggestionbigbasketTest" name="Autosuggestionbigbasket" time="0.018"/>
  <system-out/>
</testsuite> <!-- advanceSelinium.AutosuggestionbigbasketTest -->
